<?xml version="1.0" encoding="UTF-8"?>
<!-- Generated by org.testng.reporters.JUnitReportReporter -->
<testsuite hostname="nagarwal" failures="0" tests="1" name="setup.TestRunner" time="7.447" errors="0" timestamp="2023-12-03T22:54:43 IST" skipped="0">
  <testcase classname="setup.TestRunner" name="runScenario" time="7.447"/>
</testsuite> <!-- setup.TestRunner -->
